<?xml version="1.0" encoding="UTF-8"?>
<testng-results skipped="0" failed="0" ignored="0" total="1" passed="1">
  <reporter-output>
  </reporter-output>
  <suite name="Default suite" duration-ms="15663" started-at="2020-08-02T19:16:47 EDT" finished-at="2020-08-02T19:17:03 EDT">
    <groups>
    </groups>
    <test name="Default test" duration-ms="15663" started-at="2020-08-02T19:16:47 EDT" finished-at="2020-08-02T19:17:03 EDT">
      <class name="testsScripts.SignUpTests">
        <test-method status="PASS" signature="browserOn()[pri:0, instance:testsScripts.SignUpTests@5c5a1b69]" name="browserOn" is-config="true" duration-ms="10294" started-at="2020-08-02T19:16:48 EDT" finished-at="2020-08-02T19:16:58 EDT">
          <reporter-output>
          </reporter-output>
        </test-method> <!-- browserOn -->
        <test-method status="PASS" signature="signUp()[pri:0, instance:testsScripts.SignUpTests@5c5a1b69]" name="signUp" duration-ms="5072" started-at="2020-08-02T19:16:58 EDT" finished-at="2020-08-02T19:17:03 EDT">
          <reporter-output>
          </reporter-output>
        </test-method> <!-- signUp -->
        <test-method status="PASS" signature="closeBrowser()[pri:0, instance:testsScripts.SignUpTests@5c5a1b69]" name="closeBrowser" is-config="true" duration-ms="222" started-at="2020-08-02T19:17:03 EDT" finished-at="2020-08-02T19:17:03 EDT">
          <reporter-output>
          </reporter-output>
        </test-method> <!-- closeBrowser -->
      </class> <!-- testsScripts.SignUpTests -->
    </test> <!-- Default test -->
  </suite> <!-- Default suite -->
</testng-results>
